2017-02-26 22:59:46,098 [Worker-8] INFO  o.e.m.c.i.l.LifecycleMappingFactory - Using org.eclipse.m2e.jdt.JarLifecycleMapping lifecycle mapping for MavenProject: io.dropwizard:dropwizard-example:1.2.0-SNAPSHOT @ C:\Users\yzhang\restful\dropwizard-example\pom.xml.
2017-02-26 22:59:47,420 [Worker-8] INFO  o.e.m.j.i.AbstractJavaProjectConfigurator - Adding source folder /dropwizard-example/src/main/java
2017-02-26 22:59:47,421 [Worker-8] INFO  o.e.m.j.i.AbstractJavaProjectConfigurator - Adding resource folder /dropwizard-example/src/main/resources
2017-02-26 22:59:47,434 [Worker-8] INFO  o.e.m.j.i.AbstractJavaProjectConfigurator - Adding source folder /dropwizard-example/src/test/java
2017-02-26 22:59:47,434 [Worker-8] INFO  o.e.m.j.i.AbstractJavaProjectConfigurator - Adding resource folder /dropwizard-example/src/test/resources
2017-02-26 22:59:47,657 [Worker-8] INFO  o.e.m.c.i.p.ProjectConfigurationManager - Imported and configured 1 project(s) in 2 sec
2017-02-26 22:59:49,262 [Worker-8] INFO  o.e.m.c.i.embedder.EclipseLogger - Using 'UTF-8' encoding to copy filtered resources.
2017-02-26 22:59:49,266 [Worker-8] INFO  o.e.m.c.i.embedder.EclipseLogger - Copying 10 resources
2017-02-26 22:59:49,304 [Worker-8] INFO  o.e.m.c.i.embedder.EclipseLogger - Using 'UTF-8' encoding to copy filtered resources.
2017-02-26 22:59:49,305 [Worker-8] INFO  o.e.m.c.i.embedder.EclipseLogger - Copying 1 resource
2017-02-26 23:06:28,036 [Worker-13] INFO  o.e.m.c.i.p.ProjectConfigurationManager - Collecting project info '/pom.xml' C:\Users\yzhang\restful\bank\pom.xml
2017-02-26 23:06:28,347 [Worker-13] INFO  o.e.m.c.i.l.LifecycleMappingFactory - Using org.eclipse.m2e.jdt.JarLifecycleMapping lifecycle mapping for MavenProject: com.aprilsulu:bank:0.0.1-SNAPSHOT @ C:\Users\yzhang\restful\bank\pom.xml.
2017-02-26 23:06:28,639 [Worker-13] INFO  o.e.m.j.i.AbstractJavaProjectConfigurator - Adding source folder /bank/src/main/java
2017-02-26 23:06:28,644 [Worker-13] INFO  o.e.m.j.i.AbstractJavaProjectConfigurator - Adding source folder /bank/src/test/java
2017-02-26 23:06:28,694 [Worker-13] INFO  o.e.m.c.i.p.ProjectConfigurationManager - Imported and configured 1 project(s) in 0 sec
2017-02-26 23:06:28,976 [Worker-14] INFO  o.e.m.c.i.embedder.EclipseLogger - Using 'UTF-8' encoding to copy filtered resources.
2017-02-26 23:06:28,979 [Worker-14] INFO  o.e.m.c.i.embedder.EclipseLogger - skip non existing resourceDirectory C:\Users\yzhang\restful\bank\src\main\resources
2017-02-26 23:06:28,980 [Worker-14] INFO  o.e.m.c.i.embedder.EclipseLogger - Using 'UTF-8' encoding to copy filtered resources.
2017-02-26 23:06:28,980 [Worker-14] INFO  o.e.m.c.i.embedder.EclipseLogger - skip non existing resourceDirectory C:\Users\yzhang\restful\bank\src\test\resources
2017-02-26 23:06:47,521 [Worker-14] INFO  o.e.m.c.i.embedder.EclipseLogger - Using 'UTF-8' encoding to copy filtered resources.
2017-02-26 23:06:47,527 [Worker-14] INFO  o.e.m.c.i.embedder.EclipseLogger - Copying 0 resource
2017-02-26 23:06:47,532 [Worker-14] INFO  o.e.m.c.i.embedder.EclipseLogger - Using 'UTF-8' encoding to copy filtered resources.
2017-02-26 23:06:47,536 [Worker-14] INFO  o.e.m.c.i.embedder.EclipseLogger - Copying 0 resource
2017-02-26 23:09:52,608 [Worker-18] INFO  o.e.m.c.i.embedder.EclipseLogger - Using 'UTF-8' encoding to copy filtered resources.
2017-02-26 23:09:52,611 [Worker-18] INFO  o.e.m.c.i.embedder.EclipseLogger - Copying 0 resource
2017-02-26 23:09:52,616 [Worker-18] INFO  o.e.m.c.i.embedder.EclipseLogger - Using 'UTF-8' encoding to copy filtered resources.
2017-02-26 23:09:52,619 [Worker-18] INFO  o.e.m.c.i.embedder.EclipseLogger - Copying 0 resource
2017-02-26 23:18:01,020 [Worker-0] INFO  o.e.m.c.i.embedder.EclipseLogger - Using 'UTF-8' encoding to copy filtered resources.
2017-02-26 23:18:01,026 [Worker-0] INFO  o.e.m.c.i.embedder.EclipseLogger - Copying 10 resources
2017-02-26 23:18:01,033 [Worker-0] INFO  o.e.m.c.i.embedder.EclipseLogger - Using 'UTF-8' encoding to copy filtered resources.
2017-02-26 23:18:01,034 [Worker-0] INFO  o.e.m.c.i.embedder.EclipseLogger - Copying 1 resource
2017-02-26 23:19:01,344 [Worker-6] INFO  o.e.m.c.i.l.LifecycleMappingFactory - Using org.eclipse.m2e.jdt.JarLifecycleMapping lifecycle mapping for MavenProject: io.dropwizard:dropwizard-example:1.2.0-SNAPSHOT @ C:\Users\yzhang\restful\bank-example\pom.xml.
2017-02-26 23:19:02,099 [Worker-6] INFO  o.e.m.j.i.AbstractJavaProjectConfigurator - Adding source folder /bank-example/src/main/java
2017-02-26 23:19:02,100 [Worker-6] INFO  o.e.m.j.i.AbstractJavaProjectConfigurator - Adding resource folder /bank-example/src/main/resources
2017-02-26 23:19:02,101 [Worker-6] INFO  o.e.m.j.i.AbstractJavaProjectConfigurator - Adding source folder /bank-example/src/test/java
2017-02-26 23:19:02,101 [Worker-6] INFO  o.e.m.j.i.AbstractJavaProjectConfigurator - Adding resource folder /bank-example/src/test/resources
2017-02-26 23:19:02,252 [Worker-6] INFO  o.e.m.c.i.p.ProjectConfigurationManager - Imported and configured 1 project(s) in 1 sec
2017-02-26 23:19:04,258 [Worker-0] INFO  o.e.m.c.i.embedder.EclipseLogger - Using 'UTF-8' encoding to copy filtered resources.
2017-02-26 23:19:04,259 [Worker-0] INFO  o.e.m.c.i.embedder.EclipseLogger - Copying 10 resources
2017-02-26 23:19:04,324 [Worker-0] INFO  o.e.m.c.i.embedder.EclipseLogger - Using 'UTF-8' encoding to copy filtered resources.
2017-02-26 23:19:04,324 [Worker-0] INFO  o.e.m.c.i.embedder.EclipseLogger - Copying 1 resource
2017-02-26 23:19:20,846 [Worker-3] INFO  o.e.m.c.i.l.LifecycleMappingFactory - Using org.eclipse.m2e.jdt.JarLifecycleMapping lifecycle mapping for MavenProject: io.dropwizard:bank-example:1.2.0-SNAPSHOT @ C:\Users\yzhang\restful\bank-example\pom.xml.
2017-02-26 23:19:21,981 [Worker-3] INFO  o.e.m.c.i.embedder.EclipseLogger - Using 'UTF-8' encoding to copy filtered resources.
2017-02-26 23:19:21,988 [Worker-3] INFO  o.e.m.c.i.embedder.EclipseLogger - Copying 0 resource
2017-02-26 23:19:21,989 [Worker-3] INFO  o.e.m.c.i.embedder.EclipseLogger - Using 'UTF-8' encoding to copy filtered resources.
2017-02-26 23:19:21,989 [Worker-3] INFO  o.e.m.c.i.embedder.EclipseLogger - Copying 0 resource
2017-02-26 23:19:49,666 [Worker-14] INFO  o.e.m.c.i.embedder.EclipseLogger - Using 'UTF-8' encoding to copy filtered resources.
2017-02-26 23:19:49,666 [Worker-14] INFO  o.e.m.c.i.embedder.EclipseLogger - Copying 0 resource
2017-02-26 23:19:49,670 [Worker-14] INFO  o.e.m.c.i.embedder.EclipseLogger - Using 'UTF-8' encoding to copy filtered resources.
2017-02-26 23:19:49,673 [Worker-14] INFO  o.e.m.c.i.embedder.EclipseLogger - Copying 0 resource
2017-02-26 23:19:58,451 [Worker-8] INFO  o.e.m.c.i.embedder.EclipseLogger - Using 'UTF-8' encoding to copy filtered resources.
2017-02-26 23:19:58,454 [Worker-8] INFO  o.e.m.c.i.embedder.EclipseLogger - Copying 0 resource
2017-02-26 23:19:58,458 [Worker-8] INFO  o.e.m.c.i.embedder.EclipseLogger - Using 'UTF-8' encoding to copy filtered resources.
2017-02-26 23:19:58,461 [Worker-8] INFO  o.e.m.c.i.embedder.EclipseLogger - Copying 0 resource
2017-02-26 23:20:15,426 [Worker-15] INFO  o.e.m.c.i.l.LifecycleMappingFactory - Using org.eclipse.m2e.jdt.JarLifecycleMapping lifecycle mapping for MavenProject: io.dropwizard:bank-example:1.2.0-SNAPSHOT @ C:\Users\yzhang\restful\bank-example\pom.xml.
2017-02-26 23:20:15,935 [Worker-15] INFO  o.e.m.c.i.embedder.EclipseLogger - Using 'UTF-8' encoding to copy filtered resources.
2017-02-26 23:20:15,942 [Worker-15] INFO  o.e.m.c.i.embedder.EclipseLogger - Copying 0 resource
2017-02-26 23:20:15,946 [Worker-15] INFO  o.e.m.c.i.embedder.EclipseLogger - Using 'UTF-8' encoding to copy filtered resources.
2017-02-26 23:20:15,946 [Worker-15] INFO  o.e.m.c.i.embedder.EclipseLogger - Copying 0 resource
2017-02-26 23:20:30,924 [Worker-7] INFO  o.e.m.c.i.embedder.EclipseLogger - Using 'UTF-8' encoding to copy filtered resources.
2017-02-26 23:20:30,924 [Worker-7] INFO  o.e.m.c.i.embedder.EclipseLogger - Copying 0 resource
2017-02-26 23:20:30,925 [Worker-7] INFO  o.e.m.c.i.embedder.EclipseLogger - Using 'UTF-8' encoding to copy filtered resources.
2017-02-26 23:20:30,925 [Worker-7] INFO  o.e.m.c.i.embedder.EclipseLogger - Copying 0 resource
2017-02-26 23:21:38,782 [Worker-5] INFO  o.e.m.c.i.embedder.EclipseLogger - Using 'UTF-8' encoding to copy filtered resources.
2017-02-26 23:21:38,789 [Worker-5] INFO  o.e.m.c.i.embedder.EclipseLogger - Copying 10 resources
2017-02-26 23:21:38,798 [Worker-5] INFO  o.e.m.c.i.embedder.EclipseLogger - Using 'UTF-8' encoding to copy filtered resources.
2017-02-26 23:21:38,799 [Worker-5] INFO  o.e.m.c.i.embedder.EclipseLogger - Copying 1 resource
2017-02-26 23:21:52,389 [Worker-17] INFO  o.e.m.c.i.embedder.EclipseLogger - Using 'UTF-8' encoding to copy filtered resources.
2017-02-26 23:21:52,391 [Worker-17] INFO  o.e.m.c.i.embedder.EclipseLogger - Copying 10 resources
2017-02-26 23:21:52,393 [Worker-17] INFO  o.e.m.c.i.embedder.EclipseLogger - Using 'UTF-8' encoding to copy filtered resources.
2017-02-26 23:21:52,393 [Worker-17] INFO  o.e.m.c.i.embedder.EclipseLogger - Copying 1 resource
2017-02-26 23:22:08,034 [Worker-0] INFO  o.e.m.c.i.embedder.EclipseLogger - Using 'UTF-8' encoding to copy filtered resources.
2017-02-26 23:22:08,050 [Worker-0] INFO  o.e.m.c.i.embedder.EclipseLogger - Copying 10 resources
2017-02-26 23:22:08,066 [Worker-0] INFO  o.e.m.c.i.embedder.EclipseLogger - Using 'UTF-8' encoding to copy filtered resources.
2017-02-26 23:22:08,068 [Worker-0] INFO  o.e.m.c.i.embedder.EclipseLogger - Copying 1 resource
2017-02-26 23:22:16,968 [Worker-5] INFO  o.e.m.c.i.embedder.EclipseLogger - Using 'UTF-8' encoding to copy filtered resources.
2017-02-26 23:22:16,969 [Worker-5] INFO  o.e.m.c.i.embedder.EclipseLogger - Copying 10 resources
2017-02-26 23:22:16,971 [Worker-5] INFO  o.e.m.c.i.embedder.EclipseLogger - Using 'UTF-8' encoding to copy filtered resources.
2017-02-26 23:22:16,972 [Worker-5] INFO  o.e.m.c.i.embedder.EclipseLogger - Copying 1 resource
2017-02-26 23:22:24,486 [Worker-23] INFO  o.e.m.c.i.embedder.EclipseLogger - Using 'UTF-8' encoding to copy filtered resources.
2017-02-26 23:22:24,491 [Worker-23] INFO  o.e.m.c.i.embedder.EclipseLogger - Copying 10 resources
2017-02-26 23:22:24,495 [Worker-23] INFO  o.e.m.c.i.embedder.EclipseLogger - Using 'UTF-8' encoding to copy filtered resources.
2017-02-26 23:22:24,496 [Worker-23] INFO  o.e.m.c.i.embedder.EclipseLogger - Copying 0 resource
2017-02-26 23:22:32,101 [Worker-20] INFO  o.e.m.c.i.embedder.EclipseLogger - Using 'UTF-8' encoding to copy filtered resources.
2017-02-26 23:22:32,103 [Worker-20] INFO  o.e.m.c.i.embedder.EclipseLogger - Copying 10 resources
2017-02-26 23:22:32,105 [Worker-20] INFO  o.e.m.c.i.embedder.EclipseLogger - Using 'UTF-8' encoding to copy filtered resources.
2017-02-26 23:22:32,106 [Worker-20] INFO  o.e.m.c.i.embedder.EclipseLogger - Copying 1 resource
2017-02-26 23:22:39,820 [Worker-0] INFO  o.e.m.c.i.embedder.EclipseLogger - Using 'UTF-8' encoding to copy filtered resources.
2017-02-26 23:22:39,833 [Worker-0] INFO  o.e.m.c.i.embedder.EclipseLogger - Copying 10 resources
2017-02-26 23:22:39,839 [Worker-0] INFO  o.e.m.c.i.embedder.EclipseLogger - Using 'UTF-8' encoding to copy filtered resources.
2017-02-26 23:22:39,839 [Worker-0] INFO  o.e.m.c.i.embedder.EclipseLogger - Copying 1 resource
2017-02-26 23:22:48,419 [Worker-20] INFO  o.e.m.c.i.embedder.EclipseLogger - Using 'UTF-8' encoding to copy filtered resources.
2017-02-26 23:22:48,420 [Worker-20] INFO  o.e.m.c.i.embedder.EclipseLogger - Copying 10 resources
2017-02-26 23:22:48,422 [Worker-20] INFO  o.e.m.c.i.embedder.EclipseLogger - Using 'UTF-8' encoding to copy filtered resources.
2017-02-26 23:22:48,422 [Worker-20] INFO  o.e.m.c.i.embedder.EclipseLogger - Copying 0 resource
2017-02-26 23:22:58,171 [Worker-0] INFO  o.e.m.c.i.embedder.EclipseLogger - Using 'UTF-8' encoding to copy filtered resources.
2017-02-26 23:22:58,176 [Worker-0] INFO  o.e.m.c.i.embedder.EclipseLogger - Copying 10 resources
2017-02-26 23:22:58,180 [Worker-0] INFO  o.e.m.c.i.embedder.EclipseLogger - Using 'UTF-8' encoding to copy filtered resources.
2017-02-26 23:22:58,180 [Worker-0] INFO  o.e.m.c.i.embedder.EclipseLogger - Copying 0 resource
2017-02-26 23:23:12,063 [Worker-19] INFO  o.e.m.c.i.embedder.EclipseLogger - Using 'UTF-8' encoding to copy filtered resources.
2017-02-26 23:23:12,064 [Worker-19] INFO  o.e.m.c.i.embedder.EclipseLogger - Copying 10 resources
2017-02-26 23:23:12,066 [Worker-19] INFO  o.e.m.c.i.embedder.EclipseLogger - Using 'UTF-8' encoding to copy filtered resources.
2017-02-26 23:23:12,066 [Worker-19] INFO  o.e.m.c.i.embedder.EclipseLogger - Copying 1 resource
2017-02-26 23:23:19,837 [Worker-5] INFO  o.e.m.c.i.embedder.EclipseLogger - Using 'UTF-8' encoding to copy filtered resources.
2017-02-26 23:23:19,841 [Worker-5] INFO  o.e.m.c.i.embedder.EclipseLogger - Copying 10 resources
2017-02-26 23:23:19,845 [Worker-5] INFO  o.e.m.c.i.embedder.EclipseLogger - Using 'UTF-8' encoding to copy filtered resources.
2017-02-26 23:23:19,845 [Worker-5] INFO  o.e.m.c.i.embedder.EclipseLogger - Copying 0 resource
2017-02-26 23:23:30,823 [Worker-22] INFO  o.e.m.c.i.embedder.EclipseLogger - Using 'UTF-8' encoding to copy filtered resources.
2017-02-26 23:23:30,825 [Worker-22] INFO  o.e.m.c.i.embedder.EclipseLogger - Copying 10 resources
2017-02-26 23:23:30,827 [Worker-22] INFO  o.e.m.c.i.embedder.EclipseLogger - Using 'UTF-8' encoding to copy filtered resources.
2017-02-26 23:23:30,827 [Worker-22] INFO  o.e.m.c.i.embedder.EclipseLogger - Copying 0 resource
2017-02-26 23:23:47,707 [Worker-18] INFO  o.e.m.c.i.embedder.EclipseLogger - Using 'UTF-8' encoding to copy filtered resources.
2017-02-26 23:23:47,712 [Worker-18] INFO  o.e.m.c.i.embedder.EclipseLogger - Copying 2 resources
2017-02-26 23:23:47,722 [Worker-18] INFO  o.e.m.c.i.embedder.EclipseLogger - Using 'UTF-8' encoding to copy filtered resources.
2017-02-26 23:23:47,723 [Worker-18] INFO  o.e.m.c.i.embedder.EclipseLogger - Copying 0 resource
2017-02-26 23:23:55,411 [Worker-22] INFO  o.e.m.c.i.embedder.EclipseLogger - Using 'UTF-8' encoding to copy filtered resources.
2017-02-26 23:23:55,411 [Worker-22] INFO  o.e.m.c.i.embedder.EclipseLogger - Copying 2 resources
2017-02-26 23:23:55,419 [Worker-22] INFO  o.e.m.c.i.embedder.EclipseLogger - Using 'UTF-8' encoding to copy filtered resources.
2017-02-26 23:23:55,420 [Worker-22] INFO  o.e.m.c.i.embedder.EclipseLogger - Copying 0 resource
2017-02-26 23:24:37,631 [Worker-2] INFO  o.e.m.c.i.embedder.EclipseLogger - Using 'UTF-8' encoding to copy filtered resources.
2017-02-26 23:24:37,634 [Worker-2] INFO  o.e.m.c.i.embedder.EclipseLogger - Copying 0 resource
2017-02-26 23:24:37,638 [Worker-2] INFO  o.e.m.c.i.embedder.EclipseLogger - Using 'UTF-8' encoding to copy filtered resources.
2017-02-26 23:24:37,639 [Worker-2] INFO  o.e.m.c.i.embedder.EclipseLogger - Copying 1 resource
2017-02-26 23:24:47,966 [Worker-19] INFO  o.e.m.c.i.embedder.EclipseLogger - Using 'UTF-8' encoding to copy filtered resources.
2017-02-26 23:24:47,966 [Worker-19] INFO  o.e.m.c.i.embedder.EclipseLogger - Copying 0 resource
2017-02-26 23:24:47,967 [Worker-19] INFO  o.e.m.c.i.embedder.EclipseLogger - Using 'UTF-8' encoding to copy filtered resources.
2017-02-26 23:24:47,968 [Worker-19] INFO  o.e.m.c.i.embedder.EclipseLogger - Copying 1 resource
2017-02-26 23:24:57,552 [Worker-2] INFO  o.e.m.c.i.embedder.EclipseLogger - Using 'UTF-8' encoding to copy filtered resources.
2017-02-26 23:24:57,556 [Worker-2] INFO  o.e.m.c.i.embedder.EclipseLogger - Copying 0 resource
2017-02-26 23:24:57,560 [Worker-2] INFO  o.e.m.c.i.embedder.EclipseLogger - Using 'UTF-8' encoding to copy filtered resources.
2017-02-26 23:24:57,560 [Worker-2] INFO  o.e.m.c.i.embedder.EclipseLogger - Copying 1 resource
2017-02-26 23:25:58,056 [Worker-9] INFO  o.e.m.c.i.l.LifecycleMappingFactory - Using org.eclipse.m2e.jdt.JarLifecycleMapping lifecycle mapping for MavenProject: io.dropwizard:bank-example:1.2.0-SNAPSHOT @ C:\Users\yzhang\restful\bank-example\pom.xml.
2017-02-26 23:25:58,570 [Worker-9] INFO  o.e.m.c.i.embedder.EclipseLogger - Using 'UTF-8' encoding to copy filtered resources.
2017-02-26 23:25:58,573 [Worker-9] INFO  o.e.m.c.i.embedder.EclipseLogger - Copying 0 resource
2017-02-26 23:25:58,574 [Worker-9] INFO  o.e.m.c.i.embedder.EclipseLogger - Using 'UTF-8' encoding to copy filtered resources.
2017-02-26 23:25:58,581 [Worker-9] INFO  o.e.m.c.i.embedder.EclipseLogger - Copying 0 resource
2017-02-26 23:26:09,275 [Worker-13] INFO  o.e.m.c.i.l.LifecycleMappingFactory - Using org.eclipse.m2e.jdt.JarLifecycleMapping lifecycle mapping for MavenProject: io.dropwizard:bank-example:1.2.0-SNAPSHOT @ C:\Users\yzhang\restful\bank-example\pom.xml.
2017-02-26 23:26:09,903 [Worker-13] INFO  o.e.m.c.i.embedder.EclipseLogger - Using 'UTF-8' encoding to copy filtered resources.
2017-02-26 23:26:09,909 [Worker-13] INFO  o.e.m.c.i.embedder.EclipseLogger - Copying 0 resource
2017-02-26 23:26:09,914 [Worker-13] INFO  o.e.m.c.i.embedder.EclipseLogger - Using 'UTF-8' encoding to copy filtered resources.
2017-02-26 23:26:09,914 [Worker-13] INFO  o.e.m.c.i.embedder.EclipseLogger - Copying 0 resource
2017-02-26 23:27:42,576 [Worker-14] INFO  o.e.m.c.i.e.AbstractTransferListenerAdapter - Downloaded http://oss.sonatype.org/content/repositories/snapshots/io/dropwizard/dropwizard-bom/1.0-SNAPSHOT/maven-metadata.xml
2017-02-26 23:27:43,274 [Worker-14] INFO  o.e.m.c.i.e.AbstractTransferListenerAdapter - Downloaded http://oss.sonatype.org/content/repositories/snapshots/io/dropwizard/dropwizard-bom/1.0-SNAPSHOT/dropwizard-bom-1.0-SNAPSHOT.pom
2017-02-26 23:27:43,523 [Worker-14] INFO  o.e.m.c.i.l.LifecycleMappingFactory - Using org.eclipse.m2e.jdt.JarLifecycleMapping lifecycle mapping for MavenProject: com.aprilsulu:bank-example:1.0-SNAPSHOT @ C:\Users\yzhang\restful\bank-example\pom.xml.
2017-02-26 23:27:44,417 [Worker-9] INFO  o.e.m.c.i.e.AbstractTransferListenerAdapter - Downloaded http://oss.sonatype.org/content/repositories/snapshots/io/dropwizard/dropwizard-core//dropwizard-core-.pom
2017-02-26 23:27:44,594 [Worker-9] INFO  o.e.m.c.i.e.AbstractTransferListenerAdapter - Downloaded https://repo.maven.apache.org/maven2/io/dropwizard/dropwizard-core//dropwizard-core-.pom
2017-02-26 23:27:44,601 [Worker-9] WARN  o.e.m.c.i.embedder.EclipseLogger - The POM for io.dropwizard:dropwizard-core:jar: is missing, no dependency information available
2017-02-26 23:27:45,262 [Worker-9] INFO  o.e.m.c.i.e.AbstractTransferListenerAdapter - Downloaded http://oss.sonatype.org/content/repositories/snapshots/io/dropwizard/dropwizard-auth//dropwizard-auth-.pom
2017-02-26 23:27:45,387 [Worker-9] INFO  o.e.m.c.i.e.AbstractTransferListenerAdapter - Downloaded https://repo.maven.apache.org/maven2/io/dropwizard/dropwizard-auth//dropwizard-auth-.pom
2017-02-26 23:27:45,398 [Worker-9] WARN  o.e.m.c.i.embedder.EclipseLogger - The POM for io.dropwizard:dropwizard-auth:jar: is missing, no dependency information available
2017-02-26 23:27:46,077 [Worker-9] INFO  o.e.m.c.i.e.AbstractTransferListenerAdapter - Downloaded http://oss.sonatype.org/content/repositories/snapshots/io/dropwizard/dropwizard-assets//dropwizard-assets-.pom
2017-02-26 23:27:46,320 [Worker-9] INFO  o.e.m.c.i.e.AbstractTransferListenerAdapter - Downloaded https://repo.maven.apache.org/maven2/io/dropwizard/dropwizard-assets//dropwizard-assets-.pom
2017-02-26 23:27:46,328 [Worker-9] WARN  o.e.m.c.i.embedder.EclipseLogger - The POM for io.dropwizard:dropwizard-assets:jar: is missing, no dependency information available
2017-02-26 23:27:46,993 [Worker-9] INFO  o.e.m.c.i.e.AbstractTransferListenerAdapter - Downloaded http://oss.sonatype.org/content/repositories/snapshots/io/dropwizard/dropwizard-http2//dropwizard-http2-.pom
2017-02-26 23:27:47,305 [Worker-9] INFO  o.e.m.c.i.e.AbstractTransferListenerAdapter - Downloaded https://repo.maven.apache.org/maven2/io/dropwizard/dropwizard-http2//dropwizard-http2-.pom
2017-02-26 23:27:47,326 [Worker-9] WARN  o.e.m.c.i.embedder.EclipseLogger - The POM for io.dropwizard:dropwizard-http2:jar: is missing, no dependency information available
2017-02-26 23:27:48,013 [Worker-9] INFO  o.e.m.c.i.e.AbstractTransferListenerAdapter - Downloaded http://oss.sonatype.org/content/repositories/snapshots/io/dropwizard/dropwizard-hibernate//dropwizard-hibernate-.pom
2017-02-26 23:27:48,238 [Worker-9] INFO  o.e.m.c.i.e.AbstractTransferListenerAdapter - Downloaded https://repo.maven.apache.org/maven2/io/dropwizard/dropwizard-hibernate//dropwizard-hibernate-.pom
2017-02-26 23:27:48,249 [Worker-9] WARN  o.e.m.c.i.embedder.EclipseLogger - The POM for io.dropwizard:dropwizard-hibernate:jar: is missing, no dependency information available
2017-02-26 23:27:48,945 [Worker-9] INFO  o.e.m.c.i.e.AbstractTransferListenerAdapter - Downloaded http://oss.sonatype.org/content/repositories/snapshots/io/dropwizard/dropwizard-migrations//dropwizard-migrations-.pom
2017-02-26 23:27:49,199 [Worker-9] INFO  o.e.m.c.i.e.AbstractTransferListenerAdapter - Downloaded https://repo.maven.apache.org/maven2/io/dropwizard/dropwizard-migrations//dropwizard-migrations-.pom
2017-02-26 23:27:49,219 [Worker-9] WARN  o.e.m.c.i.embedder.EclipseLogger - The POM for io.dropwizard:dropwizard-migrations:jar: is missing, no dependency information available
2017-02-26 23:27:49,908 [Worker-9] INFO  o.e.m.c.i.e.AbstractTransferListenerAdapter - Downloaded http://oss.sonatype.org/content/repositories/snapshots/io/dropwizard/dropwizard-views-freemarker//dropwizard-views-freemarker-.pom
2017-02-26 23:27:50,178 [Worker-9] INFO  o.e.m.c.i.e.AbstractTransferListenerAdapter - Downloaded https://repo.maven.apache.org/maven2/io/dropwizard/dropwizard-views-freemarker//dropwizard-views-freemarker-.pom
2017-02-26 23:27:50,186 [Worker-9] WARN  o.e.m.c.i.embedder.EclipseLogger - The POM for io.dropwizard:dropwizard-views-freemarker:jar: is missing, no dependency information available
2017-02-26 23:27:50,892 [Worker-9] INFO  o.e.m.c.i.e.AbstractTransferListenerAdapter - Downloaded http://oss.sonatype.org/content/repositories/snapshots/io/dropwizard/dropwizard-views-mustache//dropwizard-views-mustache-.pom
2017-02-26 23:27:51,187 [Worker-9] INFO  o.e.m.c.i.e.AbstractTransferListenerAdapter - Downloaded https://repo.maven.apache.org/maven2/io/dropwizard/dropwizard-views-mustache//dropwizard-views-mustache-.pom
2017-02-26 23:27:51,208 [Worker-9] WARN  o.e.m.c.i.embedder.EclipseLogger - The POM for io.dropwizard:dropwizard-views-mustache:jar: is missing, no dependency information available
2017-02-26 23:27:51,898 [Worker-9] INFO  o.e.m.c.i.e.AbstractTransferListenerAdapter - Downloaded http://oss.sonatype.org/content/repositories/snapshots/io/dropwizard/dropwizard-metrics-graphite//dropwizard-metrics-graphite-.pom
2017-02-26 23:27:52,122 [Worker-9] INFO  o.e.m.c.i.e.AbstractTransferListenerAdapter - Downloaded https://repo.maven.apache.org/maven2/io/dropwizard/dropwizard-metrics-graphite//dropwizard-metrics-graphite-.pom
2017-02-26 23:27:52,133 [Worker-9] WARN  o.e.m.c.i.embedder.EclipseLogger - The POM for io.dropwizard:dropwizard-metrics-graphite:jar: is missing, no dependency information available
2017-02-26 23:27:52,832 [Worker-9] INFO  o.e.m.c.i.e.AbstractTransferListenerAdapter - Downloaded http://oss.sonatype.org/content/repositories/snapshots/com/h2database/h2//h2-.pom
2017-02-26 23:27:52,954 [Worker-9] INFO  o.e.m.c.i.e.AbstractTransferListenerAdapter - Downloaded https://repo.maven.apache.org/maven2/com/h2database/h2//h2-.pom
2017-02-26 23:27:52,975 [Worker-9] WARN  o.e.m.c.i.embedder.EclipseLogger - The POM for com.h2database:h2:jar: is missing, no dependency information available
2017-02-26 23:27:53,667 [Worker-9] INFO  o.e.m.c.i.e.AbstractTransferListenerAdapter - Downloaded http://oss.sonatype.org/content/repositories/snapshots/io/dropwizard/dropwizard-testing//dropwizard-testing-.pom
2017-02-26 23:27:53,812 [Worker-9] INFO  o.e.m.c.i.e.AbstractTransferListenerAdapter - Downloaded https://repo.maven.apache.org/maven2/io/dropwizard/dropwizard-testing//dropwizard-testing-.pom
2017-02-26 23:27:53,823 [Worker-9] WARN  o.e.m.c.i.embedder.EclipseLogger - The POM for io.dropwizard:dropwizard-testing:jar: is missing, no dependency information available
2017-02-26 23:27:54,519 [Worker-9] INFO  o.e.m.c.i.e.AbstractTransferListenerAdapter - Downloaded http://oss.sonatype.org/content/repositories/snapshots/org/mockito/mockito-core//mockito-core-.pom
2017-02-26 23:27:54,647 [Worker-9] INFO  o.e.m.c.i.e.AbstractTransferListenerAdapter - Downloaded https://repo.maven.apache.org/maven2/org/mockito/mockito-core//mockito-core-.pom
2017-02-26 23:27:54,668 [Worker-9] WARN  o.e.m.c.i.embedder.EclipseLogger - The POM for org.mockito:mockito-core:jar: is missing, no dependency information available
2017-02-26 23:27:55,362 [Worker-9] INFO  o.e.m.c.i.e.AbstractTransferListenerAdapter - Downloaded http://oss.sonatype.org/content/repositories/snapshots/org/glassfish/jersey/test-framework/providers/jersey-test-framework-provider-inmemory//jersey-test-framework-provider-inmemory-.pom
2017-02-26 23:27:55,672 [Worker-9] INFO  o.e.m.c.i.e.AbstractTransferListenerAdapter - Downloaded https://repo.maven.apache.org/maven2/org/glassfish/jersey/test-framework/providers/jersey-test-framework-provider-inmemory//jersey-test-framework-provider-inmemory-.pom
2017-02-26 23:27:55,683 [Worker-9] WARN  o.e.m.c.i.embedder.EclipseLogger - The POM for org.glassfish.jersey.test-framework.providers:jersey-test-framework-provider-inmemory:jar: is missing, no dependency information available
2017-02-26 23:27:56,369 [Worker-9] INFO  o.e.m.c.i.e.AbstractTransferListenerAdapter - Downloaded http://oss.sonatype.org/content/repositories/snapshots/org/glassfish/jersey/test-framework/providers/jersey-test-framework-provider-grizzly2//jersey-test-framework-provider-grizzly2-.pom
2017-02-26 23:27:56,592 [Worker-9] INFO  o.e.m.c.i.e.AbstractTransferListenerAdapter - Downloaded https://repo.maven.apache.org/maven2/org/glassfish/jersey/test-framework/providers/jersey-test-framework-provider-grizzly2//jersey-test-framework-provider-grizzly2-.pom
2017-02-26 23:27:56,606 [Worker-9] WARN  o.e.m.c.i.embedder.EclipseLogger - The POM for org.glassfish.jersey.test-framework.providers:jersey-test-framework-provider-grizzly2:jar: is missing, no dependency information available
2017-02-26 23:28:02,728 [Worker-22] INFO  o.e.m.c.i.e.AbstractTransferListenerAdapter - Downloaded http://oss.sonatype.org/content/repositories/snapshots/com/aprilsulu/dropwizard-bom/1.0-SNAPSHOT/maven-metadata.xml
2017-02-26 23:28:03,415 [Worker-22] INFO  o.e.m.c.i.e.AbstractTransferListenerAdapter - Downloaded http://oss.sonatype.org/content/repositories/snapshots/com/aprilsulu/dropwizard-bom/1.0-SNAPSHOT/dropwizard-bom-1.0-SNAPSHOT.pom
2017-02-26 23:28:03,641 [Worker-22] INFO  o.e.m.c.i.l.LifecycleMappingFactory - Using org.eclipse.m2e.jdt.JarLifecycleMapping lifecycle mapping for MavenProject: com.aprilsulu:bank-example:1.0-SNAPSHOT @ C:\Users\yzhang\restful\bank-example\pom.xml.
2017-02-26 23:28:03,692 [Worker-2] WARN  o.e.m.c.i.embedder.EclipseLogger - The POM for io.dropwizard:dropwizard-core:jar: is missing, no dependency information available
2017-02-26 23:28:03,704 [Worker-2] WARN  o.e.m.c.i.embedder.EclipseLogger - The POM for io.dropwizard:dropwizard-auth:jar: is missing, no dependency information available
2017-02-26 23:28:03,712 [Worker-2] WARN  o.e.m.c.i.embedder.EclipseLogger - The POM for io.dropwizard:dropwizard-assets:jar: is missing, no dependency information available
2017-02-26 23:28:03,717 [Worker-2] WARN  o.e.m.c.i.embedder.EclipseLogger - The POM for io.dropwizard:dropwizard-http2:jar: is missing, no dependency information available
2017-02-26 23:28:03,722 [Worker-2] WARN  o.e.m.c.i.embedder.EclipseLogger - The POM for io.dropwizard:dropwizard-hibernate:jar: is missing, no dependency information available
2017-02-26 23:28:03,727 [Worker-2] WARN  o.e.m.c.i.embedder.EclipseLogger - The POM for io.dropwizard:dropwizard-migrations:jar: is missing, no dependency information available
2017-02-26 23:28:03,735 [Worker-2] WARN  o.e.m.c.i.embedder.EclipseLogger - The POM for io.dropwizard:dropwizard-views-freemarker:jar: is missing, no dependency information available
2017-02-26 23:28:03,739 [Worker-2] WARN  o.e.m.c.i.embedder.EclipseLogger - The POM for io.dropwizard:dropwizard-views-mustache:jar: is missing, no dependency information available
2017-02-26 23:28:03,745 [Worker-2] WARN  o.e.m.c.i.embedder.EclipseLogger - The POM for io.dropwizard:dropwizard-metrics-graphite:jar: is missing, no dependency information available
2017-02-26 23:28:03,750 [Worker-2] WARN  o.e.m.c.i.embedder.EclipseLogger - The POM for com.h2database:h2:jar: is missing, no dependency information available
2017-02-26 23:28:03,754 [Worker-2] WARN  o.e.m.c.i.embedder.EclipseLogger - The POM for io.dropwizard:dropwizard-testing:jar: is missing, no dependency information available
2017-02-26 23:28:03,761 [Worker-2] WARN  o.e.m.c.i.embedder.EclipseLogger - The POM for org.mockito:mockito-core:jar: is missing, no dependency information available
2017-02-26 23:28:03,768 [Worker-2] WARN  o.e.m.c.i.embedder.EclipseLogger - The POM for org.glassfish.jersey.test-framework.providers:jersey-test-framework-provider-inmemory:jar: is missing, no dependency information available
2017-02-26 23:28:03,774 [Worker-2] WARN  o.e.m.c.i.embedder.EclipseLogger - The POM for org.glassfish.jersey.test-framework.providers:jersey-test-framework-provider-grizzly2:jar: is missing, no dependency information available
2017-02-26 23:28:17,809 [Worker-22] INFO  o.e.m.c.i.l.LifecycleMappingFactory - Using org.eclipse.m2e.jdt.JarLifecycleMapping lifecycle mapping for MavenProject: io.dropwizard:bank-example:1.2.0-SNAPSHOT @ C:\Users\yzhang\restful\bank-example\pom.xml.
2017-02-26 23:28:18,291 [Worker-22] INFO  o.e.m.c.i.embedder.EclipseLogger - Using 'UTF-8' encoding to copy filtered resources.
2017-02-26 23:28:18,294 [Worker-22] INFO  o.e.m.c.i.embedder.EclipseLogger - Copying 0 resource
2017-02-26 23:28:18,295 [Worker-22] INFO  o.e.m.c.i.embedder.EclipseLogger - Using 'UTF-8' encoding to copy filtered resources.
2017-02-26 23:28:18,295 [Worker-22] INFO  o.e.m.c.i.embedder.EclipseLogger - Copying 0 resource
2017-02-26 23:28:20,093 [Worker-9] INFO  o.e.m.c.i.embedder.EclipseLogger - Using 'UTF-8' encoding to copy filtered resources.
2017-02-26 23:28:20,094 [Worker-9] INFO  o.e.m.c.i.embedder.EclipseLogger - Copying 10 resources
2017-02-26 23:28:20,127 [Worker-9] INFO  o.e.m.c.i.embedder.EclipseLogger - Using 'UTF-8' encoding to copy filtered resources.
2017-02-26 23:28:20,128 [Worker-9] INFO  o.e.m.c.i.embedder.EclipseLogger - Copying 1 resource
2017-02-26 23:28:36,214 [Worker-19] INFO  o.e.m.c.i.l.LifecycleMappingFactory - Using org.eclipse.m2e.jdt.JarLifecycleMapping lifecycle mapping for MavenProject: io.dropwizard:bank-example:1.2.0-SNAPSHOT @ C:\Users\yzhang\restful\bank-example\pom.xml.
2017-02-26 23:28:36,681 [Worker-19] INFO  o.e.m.c.i.embedder.EclipseLogger - Using 'UTF-8' encoding to copy filtered resources.
2017-02-26 23:28:36,685 [Worker-19] INFO  o.e.m.c.i.embedder.EclipseLogger - Copying 0 resource
2017-02-26 23:28:36,687 [Worker-19] INFO  o.e.m.c.i.embedder.EclipseLogger - Using 'UTF-8' encoding to copy filtered resources.
2017-02-26 23:28:36,688 [Worker-19] INFO  o.e.m.c.i.embedder.EclipseLogger - Copying 0 resource
2017-02-26 23:28:46,972 [Worker-19] INFO  o.e.m.c.i.l.LifecycleMappingFactory - Using org.eclipse.m2e.jdt.JarLifecycleMapping lifecycle mapping for MavenProject: com.aprilsulu:bank-example:1.2.0-SNAPSHOT @ C:\Users\yzhang\restful\bank-example\pom.xml.
2017-02-26 23:28:47,541 [Worker-19] INFO  o.e.m.c.i.embedder.EclipseLogger - Using 'UTF-8' encoding to copy filtered resources.
2017-02-26 23:28:47,548 [Worker-19] INFO  o.e.m.c.i.embedder.EclipseLogger - Copying 0 resource
2017-02-26 23:28:47,549 [Worker-19] INFO  o.e.m.c.i.embedder.EclipseLogger - Using 'UTF-8' encoding to copy filtered resources.
2017-02-26 23:28:47,549 [Worker-19] INFO  o.e.m.c.i.embedder.EclipseLogger - Copying 0 resource
2017-02-26 23:28:58,239 [Worker-5] INFO  o.e.m.c.i.e.AbstractTransferListenerAdapter - Downloaded http://oss.sonatype.org/content/repositories/snapshots/io/dropwizard/dropwizard-bom/1.0.0-SNAPSHOT/maven-metadata.xml
2017-02-26 23:28:58,932 [Worker-5] INFO  o.e.m.c.i.e.AbstractTransferListenerAdapter - Downloaded http://oss.sonatype.org/content/repositories/snapshots/io/dropwizard/dropwizard-bom/1.0.0-SNAPSHOT/dropwizard-bom-1.0.0-SNAPSHOT.pom
2017-02-26 23:28:59,148 [Worker-5] INFO  o.e.m.c.i.l.LifecycleMappingFactory - Using org.eclipse.m2e.jdt.JarLifecycleMapping lifecycle mapping for MavenProject: com.aprilsulu:bank-example:1.0.0-SNAPSHOT @ C:\Users\yzhang\restful\bank-example\pom.xml.
2017-02-26 23:28:59,235 [Worker-19] WARN  o.e.m.c.i.embedder.EclipseLogger - The POM for io.dropwizard:dropwizard-core:jar: is missing, no dependency information available
2017-02-26 23:28:59,243 [Worker-19] WARN  o.e.m.c.i.embedder.EclipseLogger - The POM for io.dropwizard:dropwizard-auth:jar: is missing, no dependency information available
2017-02-26 23:28:59,251 [Worker-19] WARN  o.e.m.c.i.embedder.EclipseLogger - The POM for io.dropwizard:dropwizard-assets:jar: is missing, no dependency information available
2017-02-26 23:28:59,255 [Worker-19] WARN  o.e.m.c.i.embedder.EclipseLogger - The POM for io.dropwizard:dropwizard-http2:jar: is missing, no dependency information available
2017-02-26 23:28:59,260 [Worker-19] WARN  o.e.m.c.i.embedder.EclipseLogger - The POM for io.dropwizard:dropwizard-hibernate:jar: is missing, no dependency information available
2017-02-26 23:28:59,264 [Worker-19] WARN  o.e.m.c.i.embedder.EclipseLogger - The POM for io.dropwizard:dropwizard-migrations:jar: is missing, no dependency information available
2017-02-26 23:28:59,271 [Worker-19] WARN  o.e.m.c.i.embedder.EclipseLogger - The POM for io.dropwizard:dropwizard-views-freemarker:jar: is missing, no dependency information available
2017-02-26 23:28:59,275 [Worker-19] WARN  o.e.m.c.i.embedder.EclipseLogger - The POM for io.dropwizard:dropwizard-views-mustache:jar: is missing, no dependency information available
2017-02-26 23:28:59,279 [Worker-19] WARN  o.e.m.c.i.embedder.EclipseLogger - The POM for io.dropwizard:dropwizard-metrics-graphite:jar: is missing, no dependency information available
2017-02-26 23:28:59,283 [Worker-19] WARN  o.e.m.c.i.embedder.EclipseLogger - The POM for com.h2database:h2:jar: is missing, no dependency information available
2017-02-26 23:28:59,291 [Worker-19] WARN  o.e.m.c.i.embedder.EclipseLogger - The POM for io.dropwizard:dropwizard-testing:jar: is missing, no dependency information available
2017-02-26 23:28:59,295 [Worker-19] WARN  o.e.m.c.i.embedder.EclipseLogger - The POM for org.mockito:mockito-core:jar: is missing, no dependency information available
2017-02-26 23:28:59,299 [Worker-19] WARN  o.e.m.c.i.embedder.EclipseLogger - The POM for org.glassfish.jersey.test-framework.providers:jersey-test-framework-provider-inmemory:jar: is missing, no dependency information available
2017-02-26 23:28:59,304 [Worker-19] WARN  o.e.m.c.i.embedder.EclipseLogger - The POM for org.glassfish.jersey.test-framework.providers:jersey-test-framework-provider-grizzly2:jar: is missing, no dependency information available
2017-02-26 23:29:03,526 [Worker-9] INFO  o.e.m.c.i.l.LifecycleMappingFactory - Using org.eclipse.m2e.jdt.JarLifecycleMapping lifecycle mapping for MavenProject: com.aprilsulu:bank-example:1.2.0-SNAPSHOT @ C:\Users\yzhang\restful\bank-example\pom.xml.
2017-02-26 23:29:03,983 [Worker-9] INFO  o.e.m.c.i.embedder.EclipseLogger - Using 'UTF-8' encoding to copy filtered resources.
2017-02-26 23:29:03,986 [Worker-9] INFO  o.e.m.c.i.embedder.EclipseLogger - Copying 0 resource
2017-02-26 23:29:03,987 [Worker-9] INFO  o.e.m.c.i.embedder.EclipseLogger - Using 'UTF-8' encoding to copy filtered resources.
2017-02-26 23:29:03,987 [Worker-9] INFO  o.e.m.c.i.embedder.EclipseLogger - Copying 0 resource
2017-02-26 23:29:05,708 [Worker-22] INFO  o.e.m.c.i.embedder.EclipseLogger - Using 'UTF-8' encoding to copy filtered resources.
2017-02-26 23:29:05,710 [Worker-22] INFO  o.e.m.c.i.embedder.EclipseLogger - Copying 10 resources
2017-02-26 23:29:05,735 [Worker-22] INFO  o.e.m.c.i.embedder.EclipseLogger - Using 'UTF-8' encoding to copy filtered resources.
2017-02-26 23:29:05,735 [Worker-22] INFO  o.e.m.c.i.embedder.EclipseLogger - Copying 1 resource
2017-02-26 23:30:32,753 [Worker-5] INFO  o.e.m.c.i.e.AbstractTransferListenerAdapter - Downloaded http://oss.sonatype.org/content/repositories/snapshots/com/aprilsulu/dropwizard-bom/1.2.0-SNAPSHOT/maven-metadata.xml
2017-02-26 23:30:33,428 [Worker-5] INFO  o.e.m.c.i.e.AbstractTransferListenerAdapter - Downloaded http://oss.sonatype.org/content/repositories/snapshots/com/aprilsulu/dropwizard-bom/1.2.0-SNAPSHOT/dropwizard-bom-1.2.0-SNAPSHOT.pom
2017-02-26 23:30:33,613 [Worker-5] INFO  o.e.m.c.i.l.LifecycleMappingFactory - Using org.eclipse.m2e.jdt.JarLifecycleMapping lifecycle mapping for MavenProject: com.aprilsulu:bank-example:1.2.0-SNAPSHOT @ C:\Users\yzhang\restful\bank-example\pom.xml.
2017-02-26 23:30:33,670 [Worker-14] WARN  o.e.m.c.i.embedder.EclipseLogger - The POM for io.dropwizard:dropwizard-core:jar: is missing, no dependency information available
2017-02-26 23:30:33,674 [Worker-14] WARN  o.e.m.c.i.embedder.EclipseLogger - The POM for io.dropwizard:dropwizard-auth:jar: is missing, no dependency information available
2017-02-26 23:30:33,679 [Worker-14] WARN  o.e.m.c.i.embedder.EclipseLogger - The POM for io.dropwizard:dropwizard-assets:jar: is missing, no dependency information available
2017-02-26 23:30:33,683 [Worker-14] WARN  o.e.m.c.i.embedder.EclipseLogger - The POM for io.dropwizard:dropwizard-http2:jar: is missing, no dependency information available
2017-02-26 23:30:33,691 [Worker-14] WARN  o.e.m.c.i.embedder.EclipseLogger - The POM for io.dropwizard:dropwizard-hibernate:jar: is missing, no dependency information available
2017-02-26 23:30:33,695 [Worker-14] WARN  o.e.m.c.i.embedder.EclipseLogger - The POM for io.dropwizard:dropwizard-migrations:jar: is missing, no dependency information available
2017-02-26 23:30:33,699 [Worker-14] WARN  o.e.m.c.i.embedder.EclipseLogger - The POM for io.dropwizard:dropwizard-views-freemarker:jar: is missing, no dependency information available
2017-02-26 23:30:33,704 [Worker-14] WARN  o.e.m.c.i.embedder.EclipseLogger - The POM for io.dropwizard:dropwizard-views-mustache:jar: is missing, no dependency information available
2017-02-26 23:30:33,714 [Worker-14] WARN  o.e.m.c.i.embedder.EclipseLogger - The POM for io.dropwizard:dropwizard-metrics-graphite:jar: is missing, no dependency information available
2017-02-26 23:30:33,719 [Worker-14] WARN  o.e.m.c.i.embedder.EclipseLogger - The POM for com.h2database:h2:jar: is missing, no dependency information available
2017-02-26 23:30:33,725 [Worker-14] WARN  o.e.m.c.i.embedder.EclipseLogger - The POM for io.dropwizard:dropwizard-testing:jar: is missing, no dependency information available
2017-02-26 23:30:33,730 [Worker-14] WARN  o.e.m.c.i.embedder.EclipseLogger - The POM for org.mockito:mockito-core:jar: is missing, no dependency information available
2017-02-26 23:30:33,735 [Worker-14] WARN  o.e.m.c.i.embedder.EclipseLogger - The POM for org.glassfish.jersey.test-framework.providers:jersey-test-framework-provider-inmemory:jar: is missing, no dependency information available
2017-02-26 23:30:33,744 [Worker-14] WARN  o.e.m.c.i.embedder.EclipseLogger - The POM for org.glassfish.jersey.test-framework.providers:jersey-test-framework-provider-grizzly2:jar: is missing, no dependency information available
2017-02-26 23:30:38,071 [Worker-25] INFO  o.e.m.c.i.l.LifecycleMappingFactory - Using org.eclipse.m2e.jdt.JarLifecycleMapping lifecycle mapping for MavenProject: com.aprilsulu:bank-example:1.2.0-SNAPSHOT @ C:\Users\yzhang\restful\bank-example\pom.xml.
2017-02-26 23:30:38,501 [Worker-25] INFO  o.e.m.c.i.embedder.EclipseLogger - Using 'UTF-8' encoding to copy filtered resources.
2017-02-26 23:30:38,508 [Worker-25] INFO  o.e.m.c.i.embedder.EclipseLogger - Copying 0 resource
2017-02-26 23:30:38,509 [Worker-25] INFO  o.e.m.c.i.embedder.EclipseLogger - Using 'UTF-8' encoding to copy filtered resources.
2017-02-26 23:30:38,509 [Worker-25] INFO  o.e.m.c.i.embedder.EclipseLogger - Copying 0 resource
2017-02-26 23:30:40,209 [Worker-2] INFO  o.e.m.c.i.embedder.EclipseLogger - Using 'UTF-8' encoding to copy filtered resources.
2017-02-26 23:30:40,214 [Worker-2] INFO  o.e.m.c.i.embedder.EclipseLogger - Copying 10 resources
2017-02-26 23:30:40,242 [Worker-2] INFO  o.e.m.c.i.embedder.EclipseLogger - Using 'UTF-8' encoding to copy filtered resources.
2017-02-26 23:30:40,246 [Worker-2] INFO  o.e.m.c.i.embedder.EclipseLogger - Copying 1 resource
2017-02-26 23:31:00,779 [Worker-22] INFO  o.e.m.c.i.l.LifecycleMappingFactory - Using org.eclipse.m2e.jdt.JarLifecycleMapping lifecycle mapping for MavenProject: com.aprilsulu:bank-example: @ C:\Users\yzhang\restful\bank-example\pom.xml.
2017-02-26 23:31:01,371 [Worker-22] INFO  o.e.m.c.i.embedder.EclipseLogger - Using 'UTF-8' encoding to copy filtered resources.
2017-02-26 23:31:01,377 [Worker-22] INFO  o.e.m.c.i.embedder.EclipseLogger - Copying 0 resource
2017-02-26 23:31:01,381 [Worker-22] INFO  o.e.m.c.i.embedder.EclipseLogger - Using 'UTF-8' encoding to copy filtered resources.
2017-02-26 23:31:01,382 [Worker-22] INFO  o.e.m.c.i.embedder.EclipseLogger - Copying 0 resource
2017-02-26 23:31:07,695 [Worker-25] INFO  o.e.m.c.i.l.LifecycleMappingFactory - Using org.eclipse.m2e.jdt.JarLifecycleMapping lifecycle mapping for MavenProject: com.aprilsulu:bank-example:1.2.0-SNAPSHOT @ C:\Users\yzhang\restful\bank-example\pom.xml.
2017-02-26 23:31:08,131 [Worker-25] INFO  o.e.m.c.i.embedder.EclipseLogger - Using 'UTF-8' encoding to copy filtered resources.
2017-02-26 23:31:08,134 [Worker-25] INFO  o.e.m.c.i.embedder.EclipseLogger - Copying 0 resource
2017-02-26 23:31:08,135 [Worker-25] INFO  o.e.m.c.i.embedder.EclipseLogger - Using 'UTF-8' encoding to copy filtered resources.
2017-02-26 23:31:08,144 [Worker-25] INFO  o.e.m.c.i.embedder.EclipseLogger - Copying 0 resource
2017-02-26 23:31:13,942 [Worker-25] INFO  o.e.m.c.i.l.LifecycleMappingFactory - Using org.eclipse.m2e.jdt.JarLifecycleMapping lifecycle mapping for MavenProject: com.aprilsulu:bank-example:1.0-SNAPSHOT @ C:\Users\yzhang\restful\bank-example\pom.xml.
2017-02-26 23:31:14,372 [Worker-25] INFO  o.e.m.c.i.embedder.EclipseLogger - Using 'UTF-8' encoding to copy filtered resources.
2017-02-26 23:31:14,383 [Worker-25] INFO  o.e.m.c.i.embedder.EclipseLogger - Copying 0 resource
2017-02-26 23:31:14,387 [Worker-25] INFO  o.e.m.c.i.embedder.EclipseLogger - Using 'UTF-8' encoding to copy filtered resources.
2017-02-26 23:31:14,388 [Worker-25] INFO  o.e.m.c.i.embedder.EclipseLogger - Copying 0 resource
